Arguments: 
  C:\Program Files\nodejs\node.exe C:\Program Files (x86)\Yarn\bin\yarn.js

PATH: 
  C:\Users\chetan.saxena\AppData\Local\Programs\Git\cmd;C:\WINDOWS\system32;C:\WINDOWS;C:\WINDOWS\System32\Wbem;C:\WINDOWS\System32\WindowsPowerShell\v1.0\;C:\Program Files\nodejs\;C:\Users\chetan.saxena\AppData\Local\Programs\Git\usr\local;C:\Program Files (x86)\Yarn\bin;C:\Ruby23-x64\bin;C:\Users\chetan.saxena\AppData\Local\Microsoft\WindowsApps;C:\Users\chetan.saxena\AppData\Local\Programs\Git\cmd;C:\xampp\php;C:\Users\chetan.saxena\AppData\Local\Yarn\bin;D:\xampp\php;C:\Users\chetan.saxena\AppData\Local\ComposerSetup\bin;C:\Users\chetan.saxena\AppData\Roaming\Composer\vendor\bin

Yarn version: 
  0.24.6

Node version: 
  7.4.0

Platform: 
  win32 x64

npm manifest: 
  {
    "name": "my-app",
    "version": "0.0.0",
    "license": "MIT",
    "scripts": {
      "ng": "ng",
      "start": "ng serve",
      "build": "ng build",
      "test": "ng test",
      "lint": "ng lint",
      "e2e": "ng e2e"
    },
    "private": true,
    "dependencies": {
      "@angular/animations": "^4.3.5",
      "@angular/cdk": "^2.0.0-beta.8",
      "@angular/common": "^4.0.0",
      "@angular/compiler": "^4.0.0",
      "@angular/core": "^4.0.0",
      "@angular/forms": "^4.0.0",
      "@angular/http": "^4.0.0",
      "@angular/material": "^2.0.0-beta.8",
      "@angular/platform-browser": "^4.0.0",
      "@angular/platform-browser-dynamic": "^4.0.0",
      "@angular/router": "^4.0.0",
      "core-js": "^2.4.1",
      "hammerjs": "^2.0.8",
      "rxjs": "^5.1.0",
      "zone.js": "^0.8.4"
    },
    "devDependencies": {
      "@angular/cli": "1.1.0",
      "@angular/compiler-cli": "^4.0.0",
      "@angular/language-service": "^4.0.0",
      "@types/hammerjs": "^2.0.35",
      "@types/jasmine": "2.5.45",
      "@types/node": "~6.0.60",
      "codelyzer": "~3.0.1",
      "jasmine-core": "~2.6.2",
      "jasmine-spec-reporter": "~4.1.0",
      "karma": "~1.7.0",
      "karma-chrome-launcher": "~2.1.1",
      "karma-cli": "~1.0.1",
      "karma-coverage-istanbul-reporter": "^1.2.1",
      "karma-jasmine": "~1.1.0",
      "karma-jasmine-html-reporter": "^0.2.2",
      "protractor": "~5.1.2",
      "ts-node": "~3.0.4",
      "tslint": "~5.3.2",
      "typescript": "~2.3.3"
    }
  }

yarn manifest: 
  No manifest

Lockfile: 
  No lockfile

Trace: 
  Error: EPERM: operation not permitted, unlink 'D:\xampp\htdocs\workplace\my-app\node_modules\url-parse\node_modules\querystringify'
